2018-03-03 20:24:07,122 [Worker-1: Loading available Gradle versions] INFO  c.g.t.t.d.PublishedGradleVersions - Gradle version information cache is up-to-date. Trying to read.
2018-03-03 20:28:22,793 [Worker-1: Creating maven-archetype-quickstart] INFO  o.e.m.c.i.p.ProjectConfigurationManager - Collecting project info '/pom.xml' /home/neo/Desktop/Pooja/Workspace/MavenLearning/pom.xml
2018-03-03 20:28:25,066 [Worker-1: Creating maven-archetype-quickstart] INFO  o.e.m.c.i.l.LifecycleMappingFactory - Using org.eclipse.m2e.jdt.JarLifecycleMapping lifecycle mapping for MavenProject: Pooja:MavenLearning:0.0.1-SNAPSHOT @ /home/neo/Desktop/Pooja/Workspace/MavenLearning/pom.xml.
2018-03-03 20:28:25,477 [Worker-1: Creating maven-archetype-quickstart] INFO  o.e.m.j.i.AbstractJavaProjectConfigurator - Adding source folder /MavenLearning/src/main/java
2018-03-03 20:28:25,480 [Worker-1: Creating maven-archetype-quickstart] INFO  o.e.m.j.i.AbstractJavaProjectConfigurator - Adding source folder /MavenLearning/src/test/java
2018-03-03 20:28:26,548 [Worker-1: Creating maven-archetype-quickstart] INFO  o.e.m.c.i.p.ProjectConfigurationManager - Imported and configured 1 project(s) in 3 sec
2018-03-03 20:28:27,478 [Worker-4: Building workspace] INFO  o.e.m.c.i.embedder.EclipseLogger - Using 'UTF-8' encoding to copy filtered resources.
2018-03-03 20:28:27,481 [Worker-4: Building workspace] INFO  o.e.m.c.i.embedder.EclipseLogger - skip non existing resourceDirectory /home/neo/Desktop/Pooja/Workspace/MavenLearning/src/main/resources
2018-03-03 20:28:27,492 [Worker-4: Building workspace] INFO  o.e.m.c.i.embedder.EclipseLogger - Using 'UTF-8' encoding to copy filtered resources.
2018-03-03 20:28:27,492 [Worker-4: Building workspace] INFO  o.e.m.c.i.embedder.EclipseLogger - skip non existing resourceDirectory /home/neo/Desktop/Pooja/Workspace/MavenLearning/src/test/resources
2018-03-03 20:35:05,641 [Worker-6: Building workspace] INFO  o.e.m.c.i.l.LifecycleMappingFactory - Using org.eclipse.m2e.jdt.JarLifecycleMapping lifecycle mapping for MavenProject: Pooja:MavenLearning:0.0.1-SNAPSHOT @ /home/neo/Desktop/Pooja/Workspace/MavenLearning/pom.xml.
2018-03-03 20:35:07,693 [Worker-6: Building workspace] INFO  o.e.m.c.i.e.AbstractTransferListenerAdapter - Downloading https://repo.maven.apache.org/maven2/com/google/code/gson/gson/2.4/gson-2.4.jar
2018-03-03 20:35:09,080 [Worker-6: Building workspace] INFO  o.e.m.c.i.e.AbstractTransferListenerAdapter - Downloaded https://repo.maven.apache.org/maven2/com/google/code/gson/gson/2.4/gson-2.4.jar
2018-03-03 20:35:09,688 [Worker-6: Building workspace] INFO  o.e.m.c.i.embedder.EclipseLogger - Using 'UTF-8' encoding to copy filtered resources.
2018-03-03 20:35:09,689 [Worker-6: Building workspace] INFO  o.e.m.c.i.embedder.EclipseLogger - skip non existing resourceDirectory /home/neo/Desktop/Pooja/Workspace/MavenLearning/src/main/resources
2018-03-03 20:35:09,698 [Worker-6: Building workspace] INFO  o.e.m.c.i.embedder.EclipseLogger - Using 'UTF-8' encoding to copy filtered resources.
2018-03-03 20:35:09,698 [Worker-6: Building workspace] INFO  o.e.m.c.i.embedder.EclipseLogger - skip non existing resourceDirectory /home/neo/Desktop/Pooja/Workspace/MavenLearning/src/test/resources
2018-03-03 20:35:11,775 [Worker-1: Building workspace] INFO  o.e.m.c.i.embedder.EclipseLogger - Using 'UTF-8' encoding to copy filtered resources.
2018-03-03 20:35:11,775 [Worker-1: Building workspace] INFO  o.e.m.c.i.embedder.EclipseLogger - skip non existing resourceDirectory /home/neo/Desktop/Pooja/Workspace/MavenLearning/src/main/resources
2018-03-03 20:35:11,777 [Worker-1: Building workspace] INFO  o.e.m.c.i.embedder.EclipseLogger - Using 'UTF-8' encoding to copy filtered resources.
2018-03-03 20:35:11,777 [Worker-1: Building workspace] INFO  o.e.m.c.i.embedder.EclipseLogger - skip non existing resourceDirectory /home/neo/Desktop/Pooja/Workspace/MavenLearning/src/test/resources
2018-03-03 20:38:56,818 [Worker-6: Building workspace] INFO  o.e.m.c.i.l.LifecycleMappingFactory - Using org.eclipse.m2e.jdt.JarLifecycleMapping lifecycle mapping for MavenProject: Pooja:MavenLearning:0.0.1-SNAPSHOT @ /home/neo/Desktop/Pooja/Workspace/MavenLearning/pom.xml.
2018-03-03 20:38:58,372 [Worker-6: Building workspace] INFO  o.e.m.c.i.e.AbstractTransferListenerAdapter - Downloading https://repo.maven.apache.org/maven2/info/cukes/cucumber-java/1.2.5/cucumber-java-1.2.5.pom
2018-03-03 20:38:58,665 [Worker-6: Building workspace] INFO  o.e.m.c.i.e.AbstractTransferListenerAdapter - Downloaded https://repo.maven.apache.org/maven2/info/cukes/cucumber-java/1.2.5/cucumber-java-1.2.5.pom
2018-03-03 20:38:58,960 [Worker-6: Building workspace] INFO  o.e.m.c.i.e.AbstractTransferListenerAdapter - Downloading https://repo.maven.apache.org/maven2/info/cukes/cucumber-jvm/1.2.5/cucumber-jvm-1.2.5.pom
2018-03-03 20:38:59,658 [Worker-6: Building workspace] INFO  o.e.m.c.i.e.AbstractTransferListenerAdapter - Downloaded https://repo.maven.apache.org/maven2/info/cukes/cucumber-jvm/1.2.5/cucumber-jvm-1.2.5.pom
2018-03-03 20:38:59,951 [Worker-6: Building workspace] INFO  o.e.m.c.i.e.AbstractTransferListenerAdapter - Downloading https://repo.maven.apache.org/maven2/info/cukes/cucumber-core/1.2.5/cucumber-core-1.2.5.pom
2018-03-03 20:39:00,246 [Worker-6: Building workspace] INFO  o.e.m.c.i.e.AbstractTransferListenerAdapter - Downloaded https://repo.maven.apache.org/maven2/info/cukes/cucumber-core/1.2.5/cucumber-core-1.2.5.pom
2018-03-03 20:39:00,558 [Worker-6: Building workspace] INFO  o.e.m.c.i.e.AbstractTransferListenerAdapter - Downloading https://repo.maven.apache.org/maven2/info/cukes/cucumber-junit/1.2.5/cucumber-junit-1.2.5.pom
2018-03-03 20:39:00,847 [Worker-6: Building workspace] INFO  o.e.m.c.i.e.AbstractTransferListenerAdapter - Downloaded https://repo.maven.apache.org/maven2/info/cukes/cucumber-junit/1.2.5/cucumber-junit-1.2.5.pom
2018-03-03 20:39:01,145 [Worker-6: Building workspace] INFO  o.e.m.c.i.e.AbstractTransferListenerAdapter - Downloading https://repo.maven.apache.org/maven2/junit/junit/4.12/junit-4.12.pom
2018-03-03 20:39:01,488 [Worker-6: Building workspace] INFO  o.e.m.c.i.e.AbstractTransferListenerAdapter - Downloaded https://repo.maven.apache.org/maven2/junit/junit/4.12/junit-4.12.pom
2018-03-03 20:39:01,885 [Worker-6: Building workspace] INFO  o.e.m.c.i.e.AbstractTransferListenerAdapter - Downloading https://repo.maven.apache.org/maven2/org/mockito/mockito-all/1.10.19/mockito-all-1.10.19.pom
2018-03-03 20:39:02,176 [Worker-6: Building workspace] INFO  o.e.m.c.i.e.AbstractTransferListenerAdapter - Downloaded https://repo.maven.apache.org/maven2/org/mockito/mockito-all/1.10.19/mockito-all-1.10.19.pom
2018-03-03 20:39:02,489 [Worker-6: Building workspace] INFO  o.e.m.c.i.e.AbstractTransferListenerAdapter - Downloading https://repo.maven.apache.org/maven2/info/cukes/cucumber-java/1.2.5/cucumber-java-1.2.5.jar
2018-03-03 20:39:03,464 [Worker-6: Building workspace] INFO  o.e.m.c.i.e.AbstractTransferListenerAdapter - Downloaded https://repo.maven.apache.org/maven2/info/cukes/cucumber-java/1.2.5/cucumber-java-1.2.5.jar
2018-03-03 20:39:03,782 [Worker-6: Building workspace] INFO  o.e.m.c.i.e.AbstractTransferListenerAdapter - Downloading https://repo.maven.apache.org/maven2/info/cukes/cucumber-core/1.2.5/cucumber-core-1.2.5.jar
2018-03-03 20:39:04,394 [Worker-6: Building workspace] INFO  o.e.m.c.i.e.AbstractTransferListenerAdapter - Downloaded https://repo.maven.apache.org/maven2/info/cukes/cucumber-core/1.2.5/cucumber-core-1.2.5.jar
2018-03-03 20:39:04,709 [Worker-6: Building workspace] INFO  o.e.m.c.i.e.AbstractTransferListenerAdapter - Downloading https://repo.maven.apache.org/maven2/info/cukes/cucumber-junit/1.2.5/cucumber-junit-1.2.5.jar
2018-03-03 20:39:05,004 [Worker-6: Building workspace] INFO  o.e.m.c.i.e.AbstractTransferListenerAdapter - Downloaded https://repo.maven.apache.org/maven2/info/cukes/cucumber-junit/1.2.5/cucumber-junit-1.2.5.jar
2018-03-03 20:39:05,296 [Worker-6: Building workspace] INFO  o.e.m.c.i.e.AbstractTransferListenerAdapter - Downloading https://repo.maven.apache.org/maven2/org/mockito/mockito-all/1.10.19/mockito-all-1.10.19.jar
2018-03-03 20:39:07,494 [Worker-6: Building workspace] INFO  o.e.m.c.i.e.AbstractTransferListenerAdapter - Downloaded https://repo.maven.apache.org/maven2/org/mockito/mockito-all/1.10.19/mockito-all-1.10.19.jar
2018-03-03 20:39:07,786 [Worker-6: Building workspace] INFO  o.e.m.c.i.e.AbstractTransferListenerAdapter - Downloading https://repo.maven.apache.org/maven2/junit/junit/4.12/junit-4.12.jar
2018-03-03 20:39:08,557 [Worker-6: Building workspace] INFO  o.e.m.c.i.e.AbstractTransferListenerAdapter - Downloaded https://repo.maven.apache.org/maven2/junit/junit/4.12/junit-4.12.jar
2018-03-03 20:39:08,871 [Worker-6: Building workspace] INFO  o.e.m.c.i.e.AbstractTransferListenerAdapter - Downloading https://repo.maven.apache.org/maven2/org/hamcrest/hamcrest-core/1.3/hamcrest-core-1.3.jar
2018-03-03 20:39:09,204 [Worker-6: Building workspace] INFO  o.e.m.c.i.e.AbstractTransferListenerAdapter - Downloaded https://repo.maven.apache.org/maven2/org/hamcrest/hamcrest-core/1.3/hamcrest-core-1.3.jar
2018-03-03 20:39:10,433 [Worker-6: Building workspace] INFO  o.e.m.c.i.embedder.EclipseLogger - Using 'UTF-8' encoding to copy filtered resources.
2018-03-03 20:39:10,433 [Worker-6: Building workspace] INFO  o.e.m.c.i.embedder.EclipseLogger - skip non existing resourceDirectory /home/neo/Desktop/Pooja/Workspace/MavenLearning/src/main/resources
2018-03-03 20:39:10,439 [Worker-6: Building workspace] INFO  o.e.m.c.i.embedder.EclipseLogger - Using 'UTF-8' encoding to copy filtered resources.
2018-03-03 20:39:10,440 [Worker-6: Building workspace] INFO  o.e.m.c.i.embedder.EclipseLogger - skip non existing resourceDirectory /home/neo/Desktop/Pooja/Workspace/MavenLearning/src/test/resources
2018-03-03 20:39:11,911 [Worker-6: Building workspace] INFO  o.e.m.c.i.embedder.EclipseLogger - Using 'UTF-8' encoding to copy filtered resources.
2018-03-03 20:39:11,911 [Worker-6: Building workspace] INFO  o.e.m.c.i.embedder.EclipseLogger - skip non existing resourceDirectory /home/neo/Desktop/Pooja/Workspace/MavenLearning/src/main/resources
2018-03-03 20:39:11,914 [Worker-6: Building workspace] INFO  o.e.m.c.i.embedder.EclipseLogger - Using 'UTF-8' encoding to copy filtered resources.
2018-03-03 20:39:11,914 [Worker-6: Building workspace] INFO  o.e.m.c.i.embedder.EclipseLogger - skip non existing resourceDirectory /home/neo/Desktop/Pooja/Workspace/MavenLearning/src/test/resources
2018-03-03 20:42:09,101 [Worker-6: Building workspace] INFO  o.e.m.c.i.l.LifecycleMappingFactory - Using org.eclipse.m2e.jdt.JarLifecycleMapping lifecycle mapping for MavenProject: Pooja:MavenLearning:0.0.1-SNAPSHOT @ /home/neo/Desktop/Pooja/Workspace/MavenLearning/pom.xml.
2018-03-03 20:42:09,518 [Worker-6: Building workspace] INFO  o.e.m.c.i.embedder.EclipseLogger - Using 'UTF-8' encoding to copy filtered resources.
2018-03-03 20:42:09,518 [Worker-6: Building workspace] INFO  o.e.m.c.i.embedder.EclipseLogger - skip non existing resourceDirectory /home/neo/Desktop/Pooja/Workspace/MavenLearning/src/main/resources
2018-03-03 20:42:09,522 [Worker-6: Building workspace] INFO  o.e.m.c.i.embedder.EclipseLogger - Using 'UTF-8' encoding to copy filtered resources.
2018-03-03 20:42:09,522 [Worker-6: Building workspace] INFO  o.e.m.c.i.embedder.EclipseLogger - skip non existing resourceDirectory /home/neo/Desktop/Pooja/Workspace/MavenLearning/src/test/resources
2018-03-03 20:58:29,143 [Worker-0: Loading available Gradle versions] INFO  c.g.t.t.d.PublishedGradleVersions - Gradle version information cache is up-to-date. Trying to read.
2018-03-03 23:07:59,488 [Worker-0: Loading available Gradle versions] INFO  c.g.t.t.d.PublishedGradleVersions - Gradle version information cache is up-to-date. Trying to read.
2018-03-04 10:08:16,850 [Worker-3: Loading available Gradle versions] INFO  c.g.t.t.d.PublishedGradleVersions - Gradle version information cache is up-to-date. Trying to read.
2018-03-04 10:44:52,083 [Worker-12: Building workspace] INFO  o.e.m.c.i.embedder.EclipseLogger - Using 'UTF-8' encoding to copy filtered resources.
2018-03-04 10:44:52,084 [Worker-12: Building workspace] INFO  o.e.m.c.i.embedder.EclipseLogger - skip non existing resourceDirectory /home/neo/Desktop/Pooja/Workspace/MavenLearning/src/main/resources
2018-03-04 10:44:52,100 [Worker-12: Building workspace] INFO  o.e.m.c.i.embedder.EclipseLogger - Using 'UTF-8' encoding to copy filtered resources.
2018-03-04 10:44:52,101 [Worker-12: Building workspace] INFO  o.e.m.c.i.embedder.EclipseLogger - skip non existing resourceDirectory /home/neo/Desktop/Pooja/Workspace/MavenLearning/src/test/resources
2018-03-17 11:10:25,090 [Worker-0: Loading available Gradle versions] INFO  c.g.t.t.d.PublishedGradleVersions - Gradle version information cache is out-of-date. Trying to update.
